unityLibrary/build/intermediates/manifest_merge_blame_file/debug/manifest-merger-blame-debug-report.txt
1<?xml version="1.0" encoding="utf-8"?>
2<!-- GENERATED BY UNITY. REMOVE THIS COMMENT TO PREVENT OVERWRITING WHEN EXPORTING AGAIN -->
3<manifest xmlns:android="http://schemas.android.com/apk/res/android"
4    xmlns:tools="http://schemas.android.com/tools"
5    package="com.unity3d.player"
6    android:versionCode="1"
7    android:versionName="0.1" >
8
9    <uses-sdk
10        android:minSdkVersion="19"
10-->src/main/AndroidManifest.xml
11        android:targetSdkVersion="29" />
11-->src/main/AndroidManifest.xml
12
13    <uses-feature android:glEsVersion="0x00020000" />
13-->src/main/AndroidManifest.xml:19:3-52
13-->src/main/AndroidManifest.xml:19:17-49
14
15    <uses-permission android:name="android.permission.INTERNET" />
15-->src/main/AndroidManifest.xml:20:3-65
15-->src/main/AndroidManifest.xml:20:20-62
16
17    <uses-feature
17-->src/main/AndroidManifest.xml:21:3-88
18        android:name="android.hardware.touchscreen"
18-->src/main/AndroidManifest.xml:21:17-60
19        android:required="false" />
19-->src/main/AndroidManifest.xml:21:61-85
20    <uses-feature
20-->src/main/AndroidManifest.xml:22:3-99
21        android:name="android.hardware.touchscreen.multitouch"
21-->src/main/AndroidManifest.xml:22:17-71
22        android:required="false" />
22-->src/main/AndroidManifest.xml:22:72-96
23    <uses-feature
23-->src/main/AndroidManifest.xml:23:3-108
24        android:name="android.hardware.touchscreen.multitouch.distinct"
24-->src/main/AndroidManifest.xml:23:17-80
25        android:required="false" />
25-->src/main/AndroidManifest.xml:23:81-105
26
27    <application android:isGame="true" >
27-->src/main/AndroidManifest.xml:4:3-18:17
27-->src/main/AndroidManifest.xml:4:16-37
28        <activity
28-->src/main/AndroidManifest.xml:5:5-13:16
29            android:name="com.unity3d.player.UnityPlayerActivity"
29-->src/main/AndroidManifest.xml:5:15-68
30            android:configChanges="mcc|mnc|locale|touchscreen|keyboard|keyboardHidden|navigation|orientation|screenLayout|uiMode|screenSize|smallestScreenSize|fontScale|layoutDirection|density"
30-->src/main/AndroidManifest.xml:5:182-363
31            android:hardwareAccelerated="false"
31-->src/main/AndroidManifest.xml:5:364-399
32            android:launchMode="singleTask"
32-->src/main/AndroidManifest.xml:5:150-181
33            android:screenOrientation="fullSensor"
33-->src/main/AndroidManifest.xml:5:111-149
34            android:theme="@style/UnityThemeSelector" >
34-->src/main/AndroidManifest.xml:5:69-110
35            <intent-filter>
35-->src/main/AndroidManifest.xml:6:7-10:23
36                <action android:name="android.intent.action.MAIN" />
36-->src/main/AndroidManifest.xml:7:9-61
36-->src/main/AndroidManifest.xml:7:17-58
37
38                <category android:name="android.intent.category.LAUNCHER" />
38-->src/main/AndroidManifest.xml:8:9-69
38-->src/main/AndroidManifest.xml:8:19-66
39                <category android:name="android.intent.category.LEANBACK_LAUNCHER" />
39-->src/main/AndroidManifest.xml:9:9-78
39-->src/main/AndroidManifest.xml:9:19-75
40            </intent-filter>
41
42            <meta-data
42-->src/main/AndroidManifest.xml:11:7-82
43                android:name="unityplayer.UnityActivity"
43-->src/main/AndroidManifest.xml:11:18-58
44                android:value="true" />
44-->src/main/AndroidManifest.xml:11:59-79
45            <meta-data
45-->src/main/AndroidManifest.xml:12:7-78
46                android:name="android.notch_support"
46-->src/main/AndroidManifest.xml:12:18-54
47                android:value="true" />
47-->src/main/AndroidManifest.xml:12:55-75
48        </activity>
49
50        <meta-data
50-->src/main/AndroidManifest.xml:14:5-69
51            android:name="unity.splash-mode"
51-->src/main/AndroidManifest.xml:14:16-48
52            android:value="0" />
52-->src/main/AndroidManifest.xml:14:49-66
53        <meta-data
53-->src/main/AndroidManifest.xml:15:5-74
54            android:name="unity.splash-enable"
54-->src/main/AndroidManifest.xml:15:16-50
55            android:value="True" />
55-->src/main/AndroidManifest.xml:15:51-71
56        <meta-data
56-->src/main/AndroidManifest.xml:16:5-81
57            android:name="notch.config"
57-->src/main/AndroidManifest.xml:16:16-43
58            android:value="portrait|landscape" />
58-->src/main/AndroidManifest.xml:16:44-78
59        <meta-data
59-->src/main/AndroidManifest.xml:17:5-101
60            android:name="unity.build-id"
60-->src/main/AndroidManifest.xml:17:16-45
61            android:value="36ddba8d-dfc9-4230-a372-1319e4003bc1" />
61-->src/main/AndroidManifest.xml:17:46-98
62    </application>
63
64</manifest>